[+]  Building zlib (1.2.11)
[*]      Step 1/9: Fetch
[*]          Cache miss for https://zlib.net/fossils/zlib-1.2.11.tar.gz, fetching now...
[+]          Fetch done.
[*]      Step 2/9: Extract
[*]          Extracting zlib-1.2.11.tar.gz
[+]          Extracted in /app/cache/build/zlib/1.2.11
[*]      Step 3/9: Patch
[*]      Step 4/9: Configure
[d]
            ./configure                 --prefix="/usr"                 --includedir="/usr/include"
Checking for gcc...
Checking for shared library support...
Building shared library libz.so.1.2.11 with gcc.
Checking for size_t... Yes.
Checking for off64_t... Yes.
Checking for fseeko... Yes.
Checking for strerror... Yes.
Checking for unistd.h... Yes.
Checking for stdarg.h... Yes.
Checking whether to use vs[n]printf() or s[n]printf()... using vs[n]printf().
Checking for vsnprintf() in stdio.h... Yes.
Checking for return value of vsnprintf()... Yes.
Checking for attribute(visibility) support... Yes.
[*]      Step 5/9: Compile
[d]          make -C .
make: Entering directory '/app/cache/build/zlib/1.2.11'
gcc -O2 -s -m64 -mtune=generic  -D_LARGEFILE64_SOURCE=1 -DHAVE_HIDDEN -I. -c -o example.o test/example.c
gcc -O2 -s -m64 -mtune=generic  -D_LARGEFILE64_SOURCE=1 -DHAVE_HIDDEN  -c -o adler32.o adler32.c
gcc -O2 -s -m64 -mtune=generic  -D_LARGEFILE64_SOURCE=1 -DHAVE_HIDDEN  -c -o crc32.o crc32.c
gcc -O2 -s -m64 -mtune=generic  -D_LARGEFILE64_SOURCE=1 -DHAVE_HIDDEN  -c -o deflate.o deflate.c
gcc -O2 -s -m64 -mtune=generic  -D_LARGEFILE64_SOURCE=1 -DHAVE_HIDDEN  -c -o infback.o infback.c
gcc -O2 -s -m64 -mtune=generic  -D_LARGEFILE64_SOURCE=1 -DHAVE_HIDDEN  -c -o inffast.o inffast.c
gcc -O2 -s -m64 -mtune=generic  -D_LARGEFILE64_SOURCE=1 -DHAVE_HIDDEN  -c -o inflate.o inflate.c
gcc -O2 -s -m64 -mtune=generic  -D_LARGEFILE64_SOURCE=1 -DHAVE_HIDDEN  -c -o inftrees.o inftrees.c
gcc -O2 -s -m64 -mtune=generic  -D_LARGEFILE64_SOURCE=1 -DHAVE_HIDDEN  -c -o trees.o trees.c
gcc -O2 -s -m64 -mtune=generic  -D_LARGEFILE64_SOURCE=1 -DHAVE_HIDDEN  -c -o zutil.o zutil.c
gcc -O2 -s -m64 -mtune=generic  -D_LARGEFILE64_SOURCE=1 -DHAVE_HIDDEN  -c -o compress.o compress.c
gcc -O2 -s -m64 -mtune=generic  -D_LARGEFILE64_SOURCE=1 -DHAVE_HIDDEN  -c -o uncompr.o uncompr.c
gcc -O2 -s -m64 -mtune=generic  -D_LARGEFILE64_SOURCE=1 -DHAVE_HIDDEN  -c -o gzclose.o gzclose.c
gcc -O2 -s -m64 -mtune=generic  -D_LARGEFILE64_SOURCE=1 -DHAVE_HIDDEN  -c -o gzlib.o gzlib.c
gcc -O2 -s -m64 -mtune=generic  -D_LARGEFILE64_SOURCE=1 -DHAVE_HIDDEN  -c -o gzread.o gzread.c
gcc -O2 -s -m64 -mtune=generic  -D_LARGEFILE64_SOURCE=1 -DHAVE_HIDDEN  -c -o gzwrite.o gzwrite.c
gcc -O2 -s -m64 -mtune=generic  -D_LARGEFILE64_SOURCE=1 -DHAVE_HIDDEN -I. -c -o minigzip.o test/minigzip.c
gcc -O2 -s -m64 -mtune=generic  -fPIC -D_LARGEFILE64_SOURCE=1 -DHAVE_HIDDEN  -DPIC -c -o objs/adler32.o adler32.c
gcc -O2 -s -m64 -mtune=generic  -fPIC -D_LARGEFILE64_SOURCE=1 -DHAVE_HIDDEN  -DPIC -c -o objs/crc32.o crc32.c
gcc -O2 -s -m64 -mtune=generic  -fPIC -D_LARGEFILE64_SOURCE=1 -DHAVE_HIDDEN  -DPIC -c -o objs/deflate.o deflate.c
gcc -O2 -s -m64 -mtune=generic  -fPIC -D_LARGEFILE64_SOURCE=1 -DHAVE_HIDDEN  -DPIC -c -o objs/infback.o infback.c
gcc -O2 -s -m64 -mtune=generic  -fPIC -D_LARGEFILE64_SOURCE=1 -DHAVE_HIDDEN  -DPIC -c -o objs/inffast.o inffast.c
gcc -O2 -s -m64 -mtune=generic  -fPIC -D_LARGEFILE64_SOURCE=1 -DHAVE_HIDDEN  -DPIC -c -o objs/inflate.o inflate.c
gcc -O2 -s -m64 -mtune=generic  -fPIC -D_LARGEFILE64_SOURCE=1 -DHAVE_HIDDEN  -DPIC -c -o objs/inftrees.o inftrees.c
gcc -O2 -s -m64 -mtune=generic  -fPIC -D_LARGEFILE64_SOURCE=1 -DHAVE_HIDDEN  -DPIC -c -o objs/trees.o trees.c
gcc -O2 -s -m64 -mtune=generic  -fPIC -D_LARGEFILE64_SOURCE=1 -DHAVE_HIDDEN  -DPIC -c -o objs/zutil.o zutil.c
gcc -O2 -s -m64 -mtune=generic  -fPIC -D_LARGEFILE64_SOURCE=1 -DHAVE_HIDDEN  -DPIC -c -o objs/compress.o compress.c
gcc -O2 -s -m64 -mtune=generic  -fPIC -D_LARGEFILE64_SOURCE=1 -DHAVE_HIDDEN  -DPIC -c -o objs/uncompr.o uncompr.c
gcc -O2 -s -m64 -mtune=generic  -fPIC -D_LARGEFILE64_SOURCE=1 -DHAVE_HIDDEN  -DPIC -c -o objs/gzclose.o gzclose.c
gcc -O2 -s -m64 -mtune=generic  -fPIC -D_LARGEFILE64_SOURCE=1 -DHAVE_HIDDEN  -DPIC -c -o objs/gzlib.o gzlib.c
gcc -O2 -s -m64 -mtune=generic  -fPIC -D_LARGEFILE64_SOURCE=1 -DHAVE_HIDDEN  -DPIC -c -o objs/gzread.o gzread.c
gcc -O2 -s -m64 -mtune=generic  -fPIC -D_LARGEFILE64_SOURCE=1 -DHAVE_HIDDEN  -DPIC -c -o objs/gzwrite.o gzwrite.c
gcc -O2 -s -m64 -mtune=generic  -D_LARGEFILE64_SOURCE=1 -DHAVE_HIDDEN -I. -D_FILE_OFFSET_BITS=64 -c -o example64.o test/example.c
gcc -O2 -s -m64 -mtune=generic  -D_LARGEFILE64_SOURCE=1 -DHAVE_HIDDEN -I. -D_FILE_OFFSET_BITS=64 -c -o minigzip64.o test/minigzip.c
ar rc libz.a adler32.o crc32.o deflate.o infback.o inffast.o inflate.o inftrees.o trees.o zutil.o compress.o uncompr.o gzclose.o gzlib.o gzread.o gzwrite.o
gcc -O2 -s -m64 -mtune=generic  -D_LARGEFILE64_SOURCE=1 -DHAVE_HIDDEN -o example example.o -L. libz.a
gcc -O2 -s -m64 -mtune=generic  -D_LARGEFILE64_SOURCE=1 -DHAVE_HIDDEN -o minigzip minigzip.o -L. libz.a
gcc -shared -Wl,-soname,libz.so.1,--version-script,zlib.map -O2 -s -m64 -mtune=generic  -fPIC -D_LARGEFILE64_SOURCE=1 -DHAVE_HIDDEN -o libz.so.1.2.11 adler32.lo crc32.lo deflate.lo infback.lo inffast.lo inflate.lo inftrees.lo trees.lo zutil.lo compress.lo uncompr.lo gzclose.lo gzlib.lo gzread.lo gzwrite.lo  -lc -O2 -s -m64 -mtune=generic
gcc -O2 -s -m64 -mtune=generic  -D_LARGEFILE64_SOURCE=1 -DHAVE_HIDDEN -o example64 example64.o -L. libz.a
gcc -O2 -s -m64 -mtune=generic  -D_LARGEFILE64_SOURCE=1 -DHAVE_HIDDEN -o minigzip64 minigzip64.o -L. libz.a
rm -f libz.so libz.so.1
ln -s libz.so.1.2.11 libz.so
ln -s libz.so.1.2.11 libz.so.1
gcc -O2 -s -m64 -mtune=generic  -D_LARGEFILE64_SOURCE=1 -DHAVE_HIDDEN -o examplesh example.o -L. libz.so.1.2.11
gcc -O2 -s -m64 -mtune=generic  -D_LARGEFILE64_SOURCE=1 -DHAVE_HIDDEN -o minigzipsh minigzip.o -L. libz.so.1.2.11
make: Leaving directory '/app/cache/build/zlib/1.2.11'
[*]      Step 6/9: Check
[d]          make -C . check
make: Entering directory '/app/cache/build/zlib/1.2.11'
hello world
hello world
zlib version 1.2.11 = 0x12b0, compile flags = 0xa9
uncompress(): hello, hello!
gzread(): hello, hello!
gzgets() after gzseek:  hello!
inflate(): hello, hello!
large_inflate(): OK
after inflateSync(): hello, hello!
inflate with dictionary: hello, hello!
		*** zlib test OK ***
zlib version 1.2.11 = 0x12b0, compile flags = 0xa9
uncompress(): hello, hello!
gzread(): hello, hello!
gzgets() after gzseek:  hello!
inflate(): hello, hello!
large_inflate(): OK
after inflateSync(): hello, hello!
inflate with dictionary: hello, hello!
		*** zlib 64-bit test OK ***
hello world
zlib version 1.2.11 = 0x12b0, compile flags = 0xa9
uncompress(): hello, hello!
gzread(): hello, hello!
gzgets() after gzseek:  hello!
inflate(): hello, hello!
large_inflate(): OK
after inflateSync(): hello, hello!
inflate with dictionary: hello, hello!
		*** zlib shared test OK ***
make: Leaving directory '/app/cache/build/zlib/1.2.11'
[*]      Step 7/9: Install
[d]          make -C . install DESTDIR=/app/./cache/install/zlib/1.2.11
make: Entering directory '/app/cache/build/zlib/1.2.11'
rm -f /app/./cache/install/zlib/1.2.11/usr/lib/libz.a
cp libz.a /app/./cache/install/zlib/1.2.11/usr/lib
chmod 644 /app/./cache/install/zlib/1.2.11/usr/lib/libz.a
cp libz.so.1.2.11 /app/./cache/install/zlib/1.2.11/usr/lib
chmod 755 /app/./cache/install/zlib/1.2.11/usr/lib/libz.so.1.2.11
rm -f /app/./cache/install/zlib/1.2.11/usr/share/man/man3/zlib.3
cp zlib.3 /app/./cache/install/zlib/1.2.11/usr/share/man/man3
chmod 644 /app/./cache/install/zlib/1.2.11/usr/share/man/man3/zlib.3
rm -f /app/./cache/install/zlib/1.2.11/usr/lib/pkgconfig/zlib.pc
cp zlib.pc /app/./cache/install/zlib/1.2.11/usr/lib/pkgconfig
chmod 644 /app/./cache/install/zlib/1.2.11/usr/lib/pkgconfig/zlib.pc
rm -f /app/./cache/install/zlib/1.2.11/usr/include/zlib.h /app/./cache/install/zlib/1.2.11/usr/include/zconf.h
cp zlib.h zconf.h /app/./cache/install/zlib/1.2.11/usr/include
chmod 644 /app/./cache/install/zlib/1.2.11/usr/include/zlib.h /app/./cache/install/zlib/1.2.11/usr/include/zconf.h
make: Leaving directory '/app/cache/build/zlib/1.2.11'
[*]      Step 8/9: Split
[*]          The following packages were generated:
[*]              sys-libs/zlib#1.2.11
[*]              sys-libs/zlib-dev#1.2.11
[*]              sys-libs/zlib-doc#1.2.11
[*]      Step 9/9: Dependency Linking
[*]          ELF Dependency Linker: Looking for binaries and their dependencies in sys-libs/zlib...
[*]              /usr/lib/libz.so.1: libc.so.6
[*]              /usr/lib/libz.so.1.2.11: libc.so.6
[*]          ELF Dependency Linker: Looking for binaries and their dependencies in sys-libs/zlib-dev...
[*]          ELF Dependency Linker: Looking for binaries and their dependencies in sys-libs/zlib-doc...
[*]          ELF Dependency Linker: Solving dependencies of sys-libs/zlib...
[*]              Looking for a package containing "libc.so.6"...
[+]                  A single package "sys-libs/glibc" was found with the file "libc.so.6"!
[+]              Found remotely: sys-libs/glibc
[*]          ELF Dependency Linker: Solving dependencies of sys-libs/zlib-dev...
[*]          ELF Dependency Linker: Solving dependencies of sys-libs/zlib-doc...
[+]      Wrapping sys-libs/zlib#1.2.11
[+]          name: zlib
[+]          category: sys-libs
[+]          version: 1.2.11
[+]          description: A compression and decompression library.
[+]          tags: gnu, compression, decompression, gzip
[+]          maintainer: grange_c@raven-os.org
[+]          licenses: custom
[+]          upstream_url: https://zlib.net/
[+]          kind: effective
[+]          wrap_date: 2019-12-05T14:57:27Z
[+]          dependencies:
[+]              raven-os/corefs
[+]              sys-libs/glibc
[+]
[+]          Files added:
[+]              ./usr/lib/libz.so.1 -> libz.so.1.2.11
[+]              ./usr/lib/libz.so.1.2.11
[+]              ./usr/lib/pkgconfig/zlib.pc
[+]          (That's 3 files.)
[+]          Creating data.tar.gz
[+]          Creating manifest.toml
[+]          Creating zlib-1.2.11.nest
[+]      Wrapping sys-libs/zlib-dev#1.2.11
[+]          name: zlib-dev
[+]          category: sys-libs
[+]          version: 1.2.11
[+]          description: Headers and manuals to compile or write a software using the sys-libs/zlib package.
[+]          tags: gnu, compression, decompression, gzip
[+]          maintainer: grange_c@raven-os.org
[+]          licenses: custom
[+]          upstream_url: https://zlib.net/
[+]          kind: effective
[+]          wrap_date: 2019-12-05T14:57:27Z
[+]          dependencies:
[+]              sys-libs/zlib#=1.2.11
[+]
[+]          Files added:
[+]              ./usr/lib/libz.a
[+]              ./usr/lib/libz.so -> libz.so.1.2.11
[+]              ./usr/share/man/man3/zlib.3
[+]              ./usr/include/zconf.h
[+]              ./usr/include/zlib.h
[+]          (That's 5 files.)
[+]          Creating data.tar.gz
[+]          Creating manifest.toml
[+]          Creating zlib-dev-1.2.11.nest
[+]      Wrapping sys-libs/zlib-doc#1.2.11
[!]      The package is empty -- Skipping
[+]  Done!
